<?xml version="1.0" encoding="UTF-8"?>
<!-- Generated by org.testng.reporters.JUnitReportReporter -->
<testsuite skipped="0" hostname="test-PC" name="Grouping" tests="3" failures="0" timestamp="22 Apr 2019 05:04:46 GMT" time="0.000" errors="0">
  <testcase name="functionalTestCase1" time="0.000" classname="Grouping"/>
  <testcase name="functionalAndSmokeTestCase" time="0.000" classname="Grouping"/>
  <testcase name="functionalTestCase2" time="0.000" classname="Grouping"/>
</testsuite> <!-- Grouping -->
