<?xml version="1.0" encoding="UTF-8"?>
<!-- Generated by org.testng.reporters.JUnitReportReporter -->
<testsuite skipped="0" hostname="test-PC" name="Prioritisation" tests="2" failures="0" timestamp="20 Apr 2019 04:36:35 GMT" time="0.005" errors="0">
  <testcase name="loginwithinvalidcred" time="0.004" classname="Prioritisation"/>
  <testcase name="loginwithvalidcred" time="0.001" classname="Prioritisation"/>
</testsuite> <!-- Prioritisation -->
