<?xml version="1.0" encoding="UTF-8"?>
<!-- Generated by org.testng.reporters.JUnitReportReporter -->
<testsuite skipped="0" hostname="test-PC" name="Annotation" tests="2" failures="0" timestamp="20 Apr 2019 04:36:35 GMT" time="22.684" errors="0">
  <testcase name="alaunchBrowser" time="8.842" classname="Annotation"/>
  <testcase name="blaunchApp" time="13.842" classname="Annotation"/>
</testsuite> <!-- Annotation -->
