<?xml version="1.0" encoding="UTF-8"?>
<!-- Generated by org.testng.reporters.JUnitReportReporter -->
<testsuite skipped="0" hostname="test-PC" name="DependsonMethodDemo" tests="3" failures="0" timestamp="24 Apr 2019 05:24:02 GMT" time="22.405" errors="0">
  <testcase name="launchbrowser" time="16.644" classname="DependsonMethodDemo"/>
  <testcase name="clickonSignUp" time="5.034" classname="DependsonMethodDemo"/>
  <testcase name="clickonSignIn" time="0.727" classname="DependsonMethodDemo"/>
</testsuite> <!-- DependsonMethodDemo -->
